[2012-11-23 14:47:28] request.ERROR: Symfony\Component\HttpKernel\Exception\NotFoundHttpException: No route found for "GET /bundles/myplaylistapp/js/bootstrap-responsive.js" (uncaught exception) at C:\xampp\htdocs\Symfony\vendor\symfony\symfony\src\Symfony\Component\HttpKernel\EventListener\RouterListener.php line 92 [] []
[2012-11-23 14:52:27] request.ERROR: Symfony\Component\HttpKernel\Exception\NotFoundHttpException: No route found for "GET /bundles/myplaylistapp/js/bootstrap-responsive.js" (uncaught exception) at C:\xampp\htdocs\Symfony\vendor\symfony\symfony\src\Symfony\Component\HttpKernel\EventListener\RouterListener.php line 92 [] []
[2012-11-23 14:52:50] request.ERROR: Symfony\Component\HttpKernel\Exception\NotFoundHttpException: No route found for "GET /bundles/myplaylistapp/js/bootstrap-responsive.js" (uncaught exception) at C:\xampp\htdocs\Symfony\app\cache\prod\classes.php line 5078 [] []
[2012-11-23 14:53:23] request.ERROR: Symfony\Component\HttpKernel\Exception\NotFoundHttpException: No route found for "GET /bundles/myplaylistapp/js/bootstrap-responsive.js" (uncaught exception) at C:\xampp\htdocs\Symfony\app\cache\prod\classes.php line 5078 [] []
[2012-11-23 14:54:18] request.ERROR: Symfony\Component\HttpKernel\Exception\NotFoundHttpException: No route found for "GET /bundles/myplaylistapp/js/bootstrap-responsive.js" (uncaught exception) at C:\xampp\htdocs\Symfony\app\cache\prod\classes.php line 5078 [] []
[2012-11-23 14:54:41] request.ERROR: Symfony\Component\HttpKernel\Exception\NotFoundHttpException: No route found for "GET /bundles/myplaylistapp/js/bootstrap-responsive.js" (uncaught exception) at C:\xampp\htdocs\Symfony\app\cache\prod\classes.php line 5078 [] []
[2012-11-23 14:54:56] request.ERROR: Symfony\Component\HttpKernel\Exception\NotFoundHttpException: No route found for "GET /bundles/myplaylistapp/js/bootstrap-responsive.js" (uncaught exception) at C:\xampp\htdocs\Symfony\app\cache\prod\classes.php line 5078 [] []
[2012-11-23 14:57:21] request.ERROR: Symfony\Component\HttpKernel\Exception\NotFoundHttpException: No route found for "GET /bundles/myplaylistapp/js/bootstrap-responsive.js" (uncaught exception) at C:\xampp\htdocs\Symfony\app\cache\prod\classes.php line 5078 [] []
[2012-11-23 14:57:24] request.ERROR: Symfony\Component\HttpKernel\Exception\NotFoundHttpException: No route found for "GET /bundles/myplaylistapp/js/bootstrap-responsive.js" (uncaught exception) at C:\xampp\htdocs\Symfony\app\cache\prod\classes.php line 5078 [] []
[2012-11-23 14:57:25] request.ERROR: Symfony\Component\HttpKernel\Exception\NotFoundHttpException: No route found for "GET /bundles/myplaylistapp/js/bootstrap-responsive.js" (uncaught exception) at C:\xampp\htdocs\Symfony\app\cache\prod\classes.php line 5078 [] []
[2012-11-23 14:57:27] request.ERROR: Symfony\Component\HttpKernel\Exception\NotFoundHttpException: No route found for "GET /bundles/myplaylistapp/js/bootstrap-responsive.js" (uncaught exception) at C:\xampp\htdocs\Symfony\app\cache\prod\classes.php line 5078 [] []
[2012-11-23 14:57:28] request.ERROR: Symfony\Component\HttpKernel\Exception\NotFoundHttpException: No route found for "GET /bundles/myplaylistapp/js/bootstrap-responsive.js" (uncaught exception) at C:\xampp\htdocs\Symfony\app\cache\prod\classes.php line 5078 [] []
[2012-11-23 14:57:40] request.ERROR: Symfony\Component\HttpKernel\Exception\NotFoundHttpException: No route found for "GET /bundles/myplaylistapp/js/bootstrap-responsive.js" (uncaught exception) at C:\xampp\htdocs\Symfony\app\cache\prod\classes.php line 5078 [] []
[2012-11-23 14:57:48] request.ERROR: Symfony\Component\HttpKernel\Exception\NotFoundHttpException: No route found for "GET /bundles/myplaylistapp/js/bootstrap-responsive.js" (uncaught exception) at C:\xampp\htdocs\Symfony\app\cache\prod\classes.php line 5078 [] []
[2012-11-23 14:57:52] request.ERROR: Symfony\Component\HttpKernel\Exception\NotFoundHttpException: No route found for "GET /bundles/myplaylistapp/js/bootstrap-responsive.js" (uncaught exception) at C:\xampp\htdocs\Symfony\app\cache\prod\classes.php line 5078 [] []
[2012-11-23 15:01:11] request.ERROR: Symfony\Component\HttpKernel\Exception\NotFoundHttpException: No route found for "GET /bundles/myplaylistapp/js/bootstrap-responsive.js" (uncaught exception) at C:\xampp\htdocs\Symfony\app\cache\prod\classes.php line 5078 [] []
[2012-11-23 15:04:20] request.ERROR: Symfony\Component\HttpKernel\Exception\NotFoundHttpException: No route found for "GET /bundles/myplaylistapp/js/bootstrap-responsive.js" (uncaught exception) at C:\xampp\htdocs\Symfony\app\cache\prod\classes.php line 5078 [] []
[2012-11-23 15:04:34] request.ERROR: Symfony\Component\HttpKernel\Exception\NotFoundHttpException: No route found for "GET /bundles/myplaylistapp/js/bootstrap-responsive.js" (uncaught exception) at C:\xampp\htdocs\Symfony\app\cache\prod\classes.php line 5078 [] []
[2012-11-23 15:04:50] request.ERROR: Symfony\Component\HttpKernel\Exception\NotFoundHttpException: No route found for "GET /bundles/myplaylistapp/js/bootstrap-responsive.js" (uncaught exception) at C:\xampp\htdocs\Symfony\app\cache\prod\classes.php line 5078 [] []
[2012-11-23 15:06:51] request.ERROR: Symfony\Component\HttpKernel\Exception\NotFoundHttpException: No route found for "GET /bundles/myplaylistapp/js/bootstrap-responsive.js" (uncaught exception) at C:\xampp\htdocs\Symfony\app\cache\prod\classes.php line 5078 [] []
[2012-11-23 15:07:01] request.ERROR: Symfony\Component\HttpKernel\Exception\NotFoundHttpException: No route found for "GET /bundles/myplaylistapp/js/bootstrap-responsive.js" (uncaught exception) at C:\xampp\htdocs\Symfony\app\cache\prod\classes.php line 5078 [] []
[2012-11-23 15:07:03] request.ERROR: Symfony\Component\HttpKernel\Exception\NotFoundHttpException: No route found for "GET /bundles/myplaylistapp/js/bootstrap-responsive.js" (uncaught exception) at C:\xampp\htdocs\Symfony\app\cache\prod\classes.php line 5078 [] []
[2012-11-23 15:07:06] request.ERROR: Symfony\Component\HttpKernel\Exception\NotFoundHttpException: No route found for "GET /bundles/myplaylistapp/js/bootstrap-responsive.js" (uncaught exception) at C:\xampp\htdocs\Symfony\app\cache\prod\classes.php line 5078 [] []
[2012-11-23 15:07:45] request.ERROR: Symfony\Component\HttpKernel\Exception\NotFoundHttpException: No route found for "GET /bundles/myplaylistapp/js/bootstrap-responsive.js" (uncaught exception) at C:\xampp\htdocs\Symfony\app\cache\prod\classes.php line 5078 [] []
[2012-11-23 15:07:48] request.ERROR: Symfony\Component\HttpKernel\Exception\NotFoundHttpException: No route found for "GET /bundles/myplaylistapp/js/bootstrap-responsive.js" (uncaught exception) at C:\xampp\htdocs\Symfony\app\cache\prod\classes.php line 5078 [] []
[2012-11-23 15:07:50] request.ERROR: Symfony\Component\HttpKernel\Exception\NotFoundHttpException: No route found for "GET /bundles/myplaylistapp/js/bootstrap-responsive.js" (uncaught exception) at C:\xampp\htdocs\Symfony\app\cache\prod\classes.php line 5078 [] []
[2012-11-23 15:07:51] request.ERROR: Symfony\Component\HttpKernel\Exception\NotFoundHttpException: No route found for "GET /bundles/myplaylistapp/js/bootstrap-responsive.js" (uncaught exception) at C:\xampp\htdocs\Symfony\app\cache\prod\classes.php line 5078 [] []
[2012-11-23 15:07:54] request.ERROR: Symfony\Component\HttpKernel\Exception\NotFoundHttpException: No route found for "GET /bundles/myplaylistapp/js/bootstrap-responsive.js" (uncaught exception) at C:\xampp\htdocs\Symfony\app\cache\prod\classes.php line 5078 [] []
[2012-11-23 15:07:54] request.ERROR: Symfony\Component\HttpKernel\Exception\NotFoundHttpException: No route found for "GET /bundles/myplaylistapp/js/bootstrap-responsive.js" (uncaught exception) at C:\xampp\htdocs\Symfony\app\cache\prod\classes.php line 5078 [] []
[2012-11-23 15:07:55] request.ERROR: Symfony\Component\HttpKernel\Exception\NotFoundHttpException: No route found for "GET /bundles/myplaylistapp/js/bootstrap-responsive.js" (uncaught exception) at C:\xampp\htdocs\Symfony\app\cache\prod\classes.php line 5078 [] []
[2012-11-23 15:07:56] request.ERROR: Symfony\Component\HttpKernel\Exception\NotFoundHttpException: No route found for "GET /bundles/myplaylistapp/js/bootstrap-responsive.js" (uncaught exception) at C:\xampp\htdocs\Symfony\app\cache\prod\classes.php line 5078 [] []
[2012-11-23 15:07:57] request.ERROR: Symfony\Component\HttpKernel\Exception\NotFoundHttpException: No route found for "GET /bundles/myplaylistapp/js/bootstrap-responsive.js" (uncaught exception) at C:\xampp\htdocs\Symfony\app\cache\prod\classes.php line 5078 [] []
[2012-11-23 15:07:59] request.ERROR: Symfony\Component\HttpKernel\Exception\NotFoundHttpException: No route found for "GET /bundles/myplaylistapp/js/bootstrap-responsive.js" (uncaught exception) at C:\xampp\htdocs\Symfony\app\cache\prod\classes.php line 5078 [] []
[2012-11-23 15:09:28] request.ERROR: Symfony\Component\HttpKernel\Exception\NotFoundHttpException: No route found for "GET /bundles/myplaylistapp/js/bootstrap-responsive.js" (uncaught exception) at C:\xampp\htdocs\Symfony\app\cache\prod\classes.php line 5078 [] []
[2012-11-23 15:10:58] request.ERROR: Symfony\Component\HttpKernel\Exception\NotFoundHttpException: No route found for "GET /bundles/myplaylistapp/js/bootstrap-responsive.js" (uncaught exception) at C:\xampp\htdocs\Symfony\app\cache\prod\classes.php line 5078 [] []
[2012-11-23 15:11:05] request.ERROR: Symfony\Component\HttpKernel\Exception\NotFoundHttpException: No route found for "GET /bundles/myplaylistapp/js/bootstrap-responsive.js" (uncaught exception) at C:\xampp\htdocs\Symfony\app\cache\prod\classes.php line 5078 [] []
[2012-11-23 15:11:41] request.ERROR: Symfony\Component\HttpKernel\Exception\NotFoundHttpException: No route found for "GET /bundles/myplaylistapp/js/bootstrap-responsive.js" (uncaught exception) at C:\xampp\htdocs\Symfony\app\cache\prod\classes.php line 5078 [] []
[2012-11-23 15:12:56] request.ERROR: Symfony\Component\HttpKernel\Exception\NotFoundHttpException: No route found for "GET /bundles/myplaylistapp/js/bootstrap-responsive.js" (uncaught exception) at C:\xampp\htdocs\Symfony\app\cache\prod\classes.php line 5078 [] []
[2012-11-23 15:13:28] request.ERROR: Symfony\Component\HttpKernel\Exception\NotFoundHttpException: No route found for "GET /bundles/myplaylistapp/js/bootstrap-responsive.js" (uncaught exception) at C:\xampp\htdocs\Symfony\app\cache\prod\classes.php line 5078 [] []
[2012-11-23 15:14:05] request.ERROR: Symfony\Component\HttpKernel\Exception\NotFoundHttpException: No route found for "GET /bundles/myplaylistapp/js/bootstrap-responsive.js" (uncaught exception) at C:\xampp\htdocs\Symfony\app\cache\prod\classes.php line 5078 [] []
[2012-11-23 15:17:18] request.ERROR: Symfony\Component\HttpKernel\Exception\NotFoundHttpException: No route found for "GET /bundles/myplaylistapp/js/bootstrap-responsive.js" (uncaught exception) at C:\xampp\htdocs\Symfony\app\cache\prod\classes.php line 5078 [] []
[2012-11-23 15:18:03] request.ERROR: Symfony\Component\HttpKernel\Exception\NotFoundHttpException: No route found for "GET /bundles/myplaylistapp/js/bootstrap-responsive.js" (uncaught exception) at C:\xampp\htdocs\Symfony\app\cache\prod\classes.php line 5078 [] []
[2012-11-23 15:18:18] request.ERROR: Symfony\Component\HttpKernel\Exception\NotFoundHttpException: No route found for "GET /bundles/myplaylistapp/js/bootstrap-responsive.js" (uncaught exception) at C:\xampp\htdocs\Symfony\app\cache\prod\classes.php line 5078 [] []
[2012-11-23 15:19:40] request.ERROR: Symfony\Component\HttpKernel\Exception\NotFoundHttpException: No route found for "GET /bundles/myplaylistapp/js/bootstrap-responsive.js" (uncaught exception) at C:\xampp\htdocs\Symfony\app\cache\prod\classes.php line 5078 [] []
[2012-11-23 15:24:54] request.ERROR: Symfony\Component\HttpKernel\Exception\NotFoundHttpException: No route found for "GET /bundles/myplaylistapp/js/bootstrap-dropdown.js" (uncaught exception) at C:\xampp\htdocs\Symfony\app\cache\prod\classes.php line 5078 [] []
[2012-11-23 15:25:55] request.ERROR: Symfony\Component\HttpKernel\Exception\NotFoundHttpException: No route found for "GET /bundles/myplaylistapp/js/bootstrap-dropdown.js" (uncaught exception) at C:\xampp\htdocs\Symfony\app\cache\prod\classes.php line 5078 [] []
[2012-11-23 15:27:01] request.ERROR: Symfony\Component\HttpKernel\Exception\NotFoundHttpException: No route found for "GET /bundles/myplaylistapp/js/bootstrap-dropdown.js" (uncaught exception) at C:\xampp\htdocs\Symfony\app\cache\prod\classes.php line 5078 [] []
[2012-11-23 15:28:55] request.ERROR: Symfony\Component\HttpKernel\Exception\NotFoundHttpException: No route found for "GET /bundles/myplaylistapp/js/bootstrap-dropdown.js" (uncaught exception) at C:\xampp\htdocs\Symfony\app\cache\prod\classes.php line 5078 [] []
[2012-11-23 15:29:09] request.ERROR: Symfony\Component\HttpKernel\Exception\NotFoundHttpException: No route found for "GET /bundles/myplaylistapp/js/bootstrap-dropdown.js" (uncaught exception) at C:\xampp\htdocs\Symfony\app\cache\prod\classes.php line 5078 [] []
[2012-11-23 15:29:12] request.ERROR: Symfony\Component\HttpKernel\Exception\NotFoundHttpException: No route found for "GET /bundles/myplaylistapp/js/bootstrap-dropdown.js" (uncaught exception) at C:\xampp\htdocs\Symfony\app\cache\prod\classes.php line 5078 [] []
[2012-11-23 15:32:28] request.ERROR: Symfony\Component\HttpKernel\Exception\NotFoundHttpException: No route found for "GET /bundles/myplaylistapp/js/bootstrap-dropdown.js" (uncaught exception) at C:\xampp\htdocs\Symfony\app\cache\prod\classes.php line 5078 [] []
[2012-11-23 15:33:50] request.ERROR: Symfony\Component\HttpKernel\Exception\NotFoundHttpException: No route found for "GET /bundles/myplaylistapp/js/bootstrap-dropdown.js" (uncaught exception) at C:\xampp\htdocs\Symfony\app\cache\prod\classes.php line 5078 [] []
[2012-11-23 15:36:07] request.ERROR: Symfony\Component\HttpKernel\Exception\NotFoundHttpException: No route found for "GET /bundles/myplaylistapp/js/bootstrap-dropdown.js" (uncaught exception) at C:\xampp\htdocs\Symfony\app\cache\prod\classes.php line 5078 [] []
[2012-11-23 15:37:48] request.ERROR: Symfony\Component\HttpKernel\Exception\NotFoundHttpException: No route found for "GET /bundles/myplaylistapp/js/bootstrap-dropdown.js" (uncaught exception) at C:\xampp\htdocs\Symfony\app\cache\prod\classes.php line 5078 [] []
[2012-11-23 15:38:28] request.ERROR: Symfony\Component\HttpKernel\Exception\NotFoundHttpException: No route found for "GET /bundles/myplaylistapp/js/bootstrap-dropdown.js" (uncaught exception) at C:\xampp\htdocs\Symfony\app\cache\prod\classes.php line 5078 [] []
[2012-12-01 23:53:16] request.ERROR: Symfony\Component\HttpKernel\Exception\NotFoundHttpException: No route found for "GET /bundles/myplaylistapp/js/alertify.js" (uncaught exception) at C:\xampp\htdocs\Symfony\app\cache\prod\classes.php line 5078 [] []
]
[2012-12-02 13:46:12] request.ERROR: Symfony\Component\HttpKernel\Exception\NotFoundHttpException: No route found for "GET /bundles/myplaylistapp/css/alertify.css" (uncaught exception) at C:\xampp\htdocs\Symfony\app\cache\prod\classes.php line 5078 [] []
[2012-12-02 13:46:12] request.ERROR: Symfony\Component\HttpKernel\Exception\NotFoundHttpException: No route found for "GET /bundles/myplaylistapp/js/alertify.js" (uncaught exception) at C:\xampp\htdocs\Symfony\app\cache\prod\classes.php line 5078 [] []
[2012-12-02 13:46:21] request.ERROR: Symfony\Component\HttpKernel\Exception\NotFoundHttpException: No route found for "GET /bundles/myplaylistapp/js/alertify.js" (uncaught exception) at C:\xampp\htdocs\Symfony\app\cache\prod\classes.php line 5078 [] []
[2012-12-02 13:46:21] request.ERROR: Symfony\Component\HttpKernel\Exception\NotFoundHttpException: No route found for "GET /bundles/myplaylistapp/css/alertify.css" (uncaught exception) at C:\xampp\htdocs\Symfony\app\cache\prod\classes.php line 5078 [] []
[2012-12-02 13:46:27] request.ERROR: Symfony\Component\HttpKernel\Exception\NotFoundHttpException: No route found for "GET /bundles/myplaylistapp/css/alertify.css" (uncaught exception) at C:\xampp\htdocs\Symfony\app\cache\prod\classes.php line 5078 [] []
[2012-12-02 13:46:27] request.ERROR: Symfony\Component\HttpKernel\Exception\NotFoundHttpException: No route found for "GET /bundles/myplaylistapp/js/alertify.js" (uncaught exception) at C:\xampp\htdocs\Symfony\app\cache\prod\classes.php line 5078 [] []
[2012-12-02 13:52:21] request.ERROR: Symfony\Component\HttpKernel\Exception\NotFoundHttpException: No route found for "GET /bundles/myplaylistapp/css/alertify.css" (uncaught exception) at C:\xampp\htdocs\Symfony\app\cache\prod\classes.php line 5078 [] []
[2012-12-02 13:52:21] request.ERROR: Symfony\Component\HttpKernel\Exception\NotFoundHttpException: No route found for "GET /bundles/myplaylistapp/js/alertify.js" (uncaught exception) at C:\xampp\htdocs\Symfony\app\cache\prod\classes.php line 5078 [] []
[2012-12-02 15:20:09] request.INFO: Matched route "MyPlaylist_addPlaylist" (parameters: "_controller": "MyPlaylist\AppBundle\Controller\PlaylistController::addAction", "_route": "MyPlaylist_addPlaylist") [] []
[2012-12-02 15:20:09] request.CRITICAL: InvalidArgumentException: Method "MyPlaylist\AppBundle\Controller\PlaylistController::addAction" does not exist. (uncaught exception) at C:\xampp\htdocs\Symfony\app\cache\prod\classes.php line 5170 [] []
[2012-12-02 15:20:18] request.INFO: Matched route "MyPlaylist_editPlaylist" (parameters: "_controller": "MyPlaylist\AppBundle\Controller\PlaylistController::editAction", "_route": "MyPlaylist_editPlaylist") [] []
[2012-12-02 15:20:18] request.CRITICAL: InvalidArgumentException: Method "MyPlaylist\AppBundle\Controller\PlaylistController::editAction" does not exist. (uncaught exception) at C:\xampp\htdocs\Symfony\app\cache\prod\classes.php line 5170 [] []
[2012-12-02 15:32:37] request.ERROR: Symfony\Component\HttpKernel\Exception\NotFoundHttpException: No route found for "GET /img/mcd.png" (uncaught exception) at C:\xampp\htdocs\Symfony\app\cache\prod\classes.php line 5078 [] []
